<?xml version="1.0" encoding="UTF-8"?>
<!-- Generated by org.testng.reporters.JUnitXMLReporter -->
<testsuite ignored="0" hostname="soc-PF2P9XM1" failures="1" tests="3" name="Test" time="13.719" errors="0" timestamp="2024-07-18T15:30:00 IST">
  <testcase classname="TestNG11_Listeners_ExtentReportGeneration.testCase" name="TestLogo" time="0.058"/>
  <testcase classname="TestNG11_Listeners_ExtentReportGeneration.testCase" name="testTitle" time="0.023">
    <failure type="java.lang.AssertionError" message="expected [OranHRM] but found [OrangeHRM]">
      <![CDATA[java.lang.AssertionError: expected [OranHRM] but found [OrangeHRM]
at TestNG11_Listeners_ExtentReportGeneration.testCase.testTitle(testCase.java:41)
at java.base/java.util.ArrayList.forEach(ArrayList.java:1597)
... Removed 31 stack frames]]>
    </failure>
  </testcase> <!-- testTitle -->
  <testcase classname="TestNG11_Listeners_ExtentReportGeneration.testCase" name="testUrl" time="0.0">
    <skipped/>
  </testcase> <!-- testUrl -->
</testsuite> <!-- Test -->
