<?xml version="1.0" encoding="UTF-8"?>
<!-- Generated by org.testng.reporters.JUnitXMLReporter -->
<testsuite ignored="0" hostname="soc-PF2P9XM1" failures="0" tests="3" name="Test2" time="33.235" errors="0" timestamp="2024-07-18T12:39:46 IST">
  <testcase classname="TestNG10_ParallelTesting.ParallelTesting" name="TestLogo" time="0.047"/>
  <testcase classname="TestNG10_ParallelTesting.ParallelTesting" name="testTitle" time="0.016"/>
  <testcase classname="TestNG10_ParallelTesting.ParallelTesting" name="testUrl" time="0.014"/>
</testsuite> <!-- Test2 -->
