<?xml version="1.0" encoding="UTF-8"?>
<!-- Generated by org.testng.reporters.JUnitXMLReporter -->
<testsuite ignored="0" hostname="soc-PF2P9XM1" failures="0" tests="3" name="Test1" time="25.441" errors="0" timestamp="2024-07-18T12:39:13 IST">
  <testcase classname="TestNG10_ParallelTesting.ParallelTesting" name="TestLogo" time="0.058"/>
  <testcase classname="TestNG10_ParallelTesting.ParallelTesting" name="testTitle" time="0.018"/>
  <testcase classname="TestNG10_ParallelTesting.ParallelTesting" name="testUrl" time="0.013"/>
</testsuite> <!-- Test1 -->
