<?xml version="1.0" encoding="UTF-8"?>
<!-- Generated by org.testng.reporters.JUnitXMLReporter -->
<testsuite ignored="0" hostname="soc-PF2P9XM1" failures="0" tests="3" name="Test3" time="53.029" errors="0" timestamp="2024-07-18T12:40:39 IST">
  <testcase classname="TestNG10_ParallelTesting.ParallelTesting" name="TestLogo" time="0.065"/>
  <testcase classname="TestNG10_ParallelTesting.ParallelTesting" name="testTitle" time="0.008"/>
  <testcase classname="TestNG10_ParallelTesting.ParallelTesting" name="testUrl" time="0.007"/>
</testsuite> <!-- Test3 -->
